<?xml version="1.0" encoding="UTF-8"?>
<!-- Generated by org.testng.reporters.JUnitXMLReporter -->
<testsuite hostname="Preethy" ignored="0" name="test2" tests="5" failures="0" timestamp="2023-05-01T02:21:30 IST" time="26.445" errors="0">
  <testcase name="tocheckAlertMessageisShowingWhileupdateBothTitleandPayLimitin_ManagePaymentMethod" time="0.165" classname="com.obsqura.testscripts.ManagePaymentMethodsTest">
    <skipped/>
  </testcase> <!-- tocheckAlertMessageisShowingWhileupdateBothTitleandPayLimitin_ManagePaymentMethod -->
  <testcase name="tocheckAlertMessageisShowingWhileupdateBothTitleandPayLimitin_ManagePaymentMethod" time="3.146" classname="com.obsqura.testscripts.ManagePaymentMethodsTest"/>
  <testcase name="updateBothTitleandPayLimitin_ManagePaymentMethod" time="2.794" classname="com.obsqura.testscripts.ManagePaymentMethodsTest"/>
  <testcase name="updatePayLimitin_ManagePaymentMethod" time="2.611" classname="com.obsqura.testscripts.ManagePaymentMethodsTest"/>
  <testcase name="updateTitlein_ManagePaymentMethod" time="2.551" classname="com.obsqura.testscripts.ManagePaymentMethodsTest"/>
</testsuite> <!-- test2 -->
