<?xml version="1.0" encoding="UTF-8"?>
<!-- Generated by org.testng.reporters.JUnitXMLReporter -->
<testsuite hostname="Preethy" ignored="0" name="Test" tests="33" failures="0" timestamp="2023-05-07T01:35:52 IST" time="185.908" errors="0">
  <testcase name="ValidatetheColorOfNewSearchResetbuttonwithExpectedColor" time="2.564" classname="com.obsqura.testscripts.ExpenseCategoryTest"/>
  <testcase name="verifyTheUserCanAbletoSeetheNewlyaddedExpenseinTableWhileClickonSaveButton" time="2.836" classname="com.obsqura.testscripts.ExpenseCategoryTest"/>
  <testcase name="verifyUserCanAbleToVisibleTheSearchedCategoryinCategoryListTablewhileClickOnSearchButton" time="2.14" classname="com.obsqura.testscripts.ExpenseCategoryTest"/>
  <testcase name="verifytheUserCanAbletoseeTheTitleFieldIsBlankWhileClickOnResetButton" time="1.928" classname="com.obsqura.testscripts.ExpenseCategoryTest"/>
  <testcase name="verifyTheUserCanAbletoLoginwithValidusernameandValidPasswordWhileClickonSignInButton" time="0.658" classname="com.obsqura.testscripts.LoginTest"/>
  <testcase name="VerifyUserCanAbletoVisibleTheAlertMessageAftrerSuccesfullAddingofnewCategoryinCategorypageWhileClickOnSaveButton" time="4.395" classname="com.obsqura.testscripts.ManageCategoryCategoryTest"/>
  <testcase name="verifytheUserCanAbleToseetheManadatoryMessagewhileaddingnewCategorywithoutEnteringTheManadotoryfieldCategoryWhileClcikOnSaveButton" time="3.163" classname="com.obsqura.testscripts.ManageCategoryCategoryTest"/>
  <testcase name="VerifyUserCanAbleToviewTheSearchedSubCategoryinListOfSubCategoryTablewhileclickonSearchButton" time="2.899" classname="com.obsqura.testscripts.ManageCategorySubcategoryTest"/>
  <testcase name="validatetheNewlyAddedcategoryisShowinginCateegoryTableWhileClickOnSearchButton" time="2.814" classname="com.obsqura.testscripts.ManageCategorySubcategoryTest"/>
  <testcase name="verifyUserCanAbletoSeeTheAlertMessageafterAddingThenewSubCategoryinSubCategorypageWhileClickOnSaveButton" time="4.864" classname="com.obsqura.testscripts.ManageCategorySubcategoryTest"/>
  <testcase name="ValidateSearchDeleiveryBoyDetailsisDisplayingInListDeliveryBoyTablebyEnteredOnlyNameWhileClickingonSearchbutton" time="2.037" classname="com.obsqura.testscripts.ManageDeliveryBoyTest"/>
  <testcase name="ValidatesearchDeleiveryBoyDetailsisDisplayingInListDeliveryBoyTablebyEnteredEmailonlyWhileClickingonSearchbutton" time="1.89" classname="com.obsqura.testscripts.ManageDeliveryBoyTest"/>
  <testcase name="ValidatesearchDeleiveryBoyDetailsisDisplayingInListDeliveryBoyTablebyEnteredPhoneonlyWhileClickingonSearchbutton" time="2.056" classname="com.obsqura.testscripts.ManageDeliveryBoyTest"/>
  <testcase name="verifyUserCanAbeltoViewtheNewlyAddedDeleiveryBoyDetailsinListOfDeliveryBoyTbleWhileClickOnSaveButton" time="3.561" classname="com.obsqura.testscripts.ManageDeliveryBoyTest"/>
  <testcase name="verifytheuserCanviewtheExpectedHeadingsinExpenseDetailsTableHeadings" time="1.369" classname="com.obsqura.testscripts.ManageExpenseTest"/>
  <testcase name="verifyWhethertheUserCanAbletoviewAlertMessageafterSuccesfulladdingofNewExpenseCategory" time="6.502" classname="com.obsqura.testscripts.ManageExpenseTest"/>
  <testcase name="verifyUserCanableToViewtheUpdatedFooterTextinformationinFooterTextTableafterClickingOnupdateButton" time="3.261" classname="com.obsqura.testscripts.ManageFooterTextTest"/>
  <testcase name="ValidateTheSuccesfullAlertMessageIsDispalyedafteraddingTheNewLocationtotheManageLocationPage" time="2.349" classname="com.obsqura.testscripts.ManageLocationTest"/>
  <testcase name="verifyUserCanAbletoViewThethelistofloactionbyCorrespondingSearchwithCountryandStatewhileClickonSearchButton" time="2.234" classname="com.obsqura.testscripts.ManageLocationTest"/>
  <testcase name="VerifyWhetherTheUserCanabletoViewAlertMessageAfterSusccesfullAddingofNewstoManageNewsPagewhileClickOnSaveButton" time="2.552" classname="com.obsqura.testscripts.ManageNewsTest"/>
  <testcase name="ValidateTheSearchOfferCodeIsDispalyingInListOfferCodeTableWhileClickOnSearchButton" time="1.483" classname="com.obsqura.testscripts.ManageOfferCodeTest"/>
  <testcase name="VerifyTheUserCanAbletoNavigateTheCorrespondingpageManageGiftcardVoucherPageWhileClickOnMoreInfoIcon" time="1.047" classname="com.obsqura.testscripts.ManageOfferCodeTest"/>
  <testcase name="verifyTheUserCanAbletoviewAlertMessageafterSuccesfullAddingOfNewOfferCodeinManageOfferCodePageWhileClickOnSaveButton" time="2.681" classname="com.obsqura.testscripts.ManageOfferCodeTest"/>
  <testcase name="checkWhethertheUserCanAbleToViewtheAlertMessageandAlsoCheckingtheDeletedItemIsShowingInTableAfterDeletingThePage" time="3.893" classname="com.obsqura.testscripts.ManagePagesTest"/>
  <testcase name="tocheckAlertMessageisShowingafterSuccesfullupdateOfBothTitleandPayLimitinManagePaymentMethod" time="2.155" classname="com.obsqura.testscripts.ManagePaymentMethodsTest"/>
  <testcase name="verifyUserCanAbletoViewTheUpdatedPayLimitandTitleTogetherinManagePaymentmethodsTableWhileClickOnUpdateButton" time="2.143" classname="com.obsqura.testscripts.ManagePaymentMethodsTest"/>
  <testcase name="verifyUserCanAbletoViewTheUpdatedPayLimitinManagePaymentmethodsTableWhileClickOnUpdateButton" time="2.058" classname="com.obsqura.testscripts.ManagePaymentMethodsTest"/>
  <testcase name="verifyUserCanAbletoViewTheUpdatedTitleinManagePaymentmethodsTablesWhileClickOnUpdateButton" time="2.063" classname="com.obsqura.testscripts.ManagePaymentMethodsTest"/>
  <testcase name="verifyUserCanAbletoViewTheAlertMessageafterAddingThenewListSlidersWhileClickOnSaveButon" time="3.17" classname="com.obsqura.testscripts.ManageSliderTest"/>
  <testcase name="validateTheUserCanAbleToViewTheAlertMessageAfterCreatingTheNewMobileSliderWhileClickOnSaveButton" time="2.824" classname="com.obsqura.testscripts.MobileSliderTest"/>
  <testcase name="VerifyUserCAnAbletoSeetheDescrptionAndTitleFieldinBlankWhileClickOnResetButton" time="2.114" classname="com.obsqura.testscripts.PushNotificationTest"/>
  <testcase name="verifyUserCanAbleToSeetheSuccesfullAlertMessageAfterSendingThePushNotificationBySendButton" time="2.183" classname="com.obsqura.testscripts.PushNotificationTest"/>
  <testcase name="verifyUserCanAbletoViewLogoNameisAsPerExpectedLogoName" time="0.823" classname="com.obsqura.testscripts.VerifyLogonameTest"/>
</testsuite> <!-- Test -->
