<?xml version="1.0" encoding="UTF-8"?>
<testng-results skipped="0" failed="0" ignored="0" total="33" passed="33">
  <reporter-output>
  </reporter-output>
  <suite name="Suite" duration-ms="200829" started-at="2023-04-28T17:21:35 IST" finished-at="2023-04-28T17:24:56 IST">
    <groups>
      <group name="regression">
        <method signature="ExpenseCategoryTest.addNewExpenseCategory_and_VerifyAddingNewExpenceCategory_presentinTable()[pri:0, instance:com.obsqura.testscripts.ExpenseCategoryTest@7722c3c3]" name="addNewExpenseCategory_and_VerifyAddingNewExpenceCategory_presentinTable" class="com.obsqura.testscripts.ExpenseCategoryTest"/>
        <method signature="ExpenseCategoryTest.verifySearchbutton_functionality_andSearchedItemisShowing()[pri:0, instance:com.obsqura.testscripts.ExpenseCategoryTest@7722c3c3]" name="verifySearchbutton_functionality_andSearchedItemisShowing" class="com.obsqura.testscripts.ExpenseCategoryTest"/>
      </group> <!-- regression -->
      <group name="smoke">
        <method signature="ExpenseCategoryTest.addNewExpenseCategory_and_VerifyAddingNewExpenceCategory_presentinTable()[pri:0, instance:com.obsqura.testscripts.ExpenseCategoryTest@7722c3c3]" name="addNewExpenseCategory_and_VerifyAddingNewExpenceCategory_presentinTable" class="com.obsqura.testscripts.ExpenseCategoryTest"/>
        <method signature="ExpenseCategoryTest.resettheTitle_usingReseButton()[pri:0, instance:com.obsqura.testscripts.ExpenseCategoryTest@7722c3c3]" name="resettheTitle_usingReseButton" class="com.obsqura.testscripts.ExpenseCategoryTest"/>
      </group> <!-- smoke -->
    </groups>
    <test name="Test" duration-ms="200829" started-at="2023-04-28T17:21:35 IST" finished-at="2023-04-28T17:24:56 IST">
      <class name="com.obsqura.testscripts.ManagePaymentMethodsTest">
        <test-method status="PASS" signature="initilizeBrowser(java.lang.String)[pri:0, instance:com.obsqura.testscripts.ManagePaymentMethodsTest@7fa98a66]" name="initilizeBrowser" is-config="true" duration-ms="1738" started-at="2023-04-28T17:23:58 IST" finished-at="2023-04-28T17:24:00 IST">
          <params>
            <param index="0">
              <value>
                <![CDATA[edge]]>
              </value>
            </param>
          </params>
          <reporter-output>
          </reporter-output>
        </test-method> <!-- initilizeBrowser -->
        <test-method status="PASS" signature="tocheckAlertMessageisShowingWhileupdateBothTitleandPayLimitin_ManagePaymentMethod()[pri:0, instance:com.obsqura.testscripts.ManagePaymentMethodsTest@7fa98a66]" name="tocheckAlertMessageisShowingWhileupdateBothTitleandPayLimitin_ManagePaymentMethod" duration-ms="2672" started-at="2023-04-28T17:24:00 IST" finished-at="2023-04-28T17:24:03 IST">
          <reporter-output>
          </reporter-output>
        </test-method> <!-- tocheckAlertMessageisShowingWhileupdateBothTitleandPayLimitin_ManagePaymentMethod -->
        <test-method status="PASS" signature="browserQuit(org.testng.ITestResult)[pri:0, instance:com.obsqura.testscripts.ManagePaymentMethodsTest@7fa98a66]" name="browserQuit" is-config="true" duration-ms="882" started-at="2023-04-28T17:24:03 IST" finished-at="2023-04-28T17:24:04 IST">
          <params>
            <param index="0">
              <value>
                <![CDATA[[TestResult name=tocheckAlertMessageisShowingWhileupdateBothTitleandPayLimitin_ManagePaymentMethod status=SUCCESS method=ManagePaymentMethodsTest.tocheckAlertMessageisShowingWhileupdateBothTitleandPayLimitin_ManagePaymentMethod()[pri:0, instance:com.obsqura.testscripts.ManagePaymentMethodsTest@7fa98a66] output={null}]]]>
              </value>
            </param>
          </params>
          <reporter-output>
          </reporter-output>
        </test-method> <!-- browserQuit -->
        <test-method status="PASS" signature="initilizeBrowser(java.lang.String)[pri:0, instance:com.obsqura.testscripts.ManagePaymentMethodsTest@7fa98a66]" name="initilizeBrowser" is-config="true" duration-ms="1846" started-at="2023-04-28T17:24:04 IST" finished-at="2023-04-28T17:24:05 IST">
          <params>
            <param index="0">
              <value>
                <![CDATA[edge]]>
              </value>
            </param>
          </params>
          <reporter-output>
          </reporter-output>
        </test-method> <!-- initilizeBrowser -->
        <test-method status="PASS" signature="updateBothTitleandPayLimitin_ManagePaymentMethod()[pri:0, instance:com.obsqura.testscripts.ManagePaymentMethodsTest@7fa98a66]" name="updateBothTitleandPayLimitin_ManagePaymentMethod" duration-ms="2738" started-at="2023-04-28T17:24:05 IST" finished-at="2023-04-28T17:24:08 IST">
          <reporter-output>
          </reporter-output>
        </test-method> <!-- updateBothTitleandPayLimitin_ManagePaymentMethod -->
        <test-method status="PASS" signature="browserQuit(org.testng.ITestResult)[pri:0, instance:com.obsqura.testscripts.ManagePaymentMethodsTest@7fa98a66]" name="browserQuit" is-config="true" duration-ms="816" started-at="2023-04-28T17:24:08 IST" finished-at="2023-04-28T17:24:09 IST">
          <params>
            <param index="0">
              <value>
                <![CDATA[[TestResult name=updateBothTitleandPayLimitin_ManagePaymentMethod status=SUCCESS method=ManagePaymentMethodsTest.updateBothTitleandPayLimitin_ManagePaymentMethod()[pri:0, instance:com.obsqura.testscripts.ManagePaymentMethodsTest@7fa98a66] output={null}]]]>
              </value>
            </param>
          </params>
          <reporter-output>
          </reporter-output>
        </test-method> <!-- browserQuit -->
        <test-method status="PASS" signature="initilizeBrowser(java.lang.String)[pri:0, instance:com.obsqura.testscripts.ManagePaymentMethodsTest@7fa98a66]" name="initilizeBrowser" is-config="true" duration-ms="3018" started-at="2023-04-28T17:24:09 IST" finished-at="2023-04-28T17:24:12 IST">
          <params>
            <param index="0">
              <value>
                <![CDATA[edge]]>
              </value>
            </param>
          </params>
          <reporter-output>
          </reporter-output>
        </test-method> <!-- initilizeBrowser -->
        <test-method status="PASS" signature="updatePayLimitin_ManagePaymentMethod()[pri:0, instance:com.obsqura.testscripts.ManagePaymentMethodsTest@7fa98a66]" name="updatePayLimitin_ManagePaymentMethod" duration-ms="2852" started-at="2023-04-28T17:24:12 IST" finished-at="2023-04-28T17:24:15 IST">
          <reporter-output>
          </reporter-output>
        </test-method> <!-- updatePayLimitin_ManagePaymentMethod -->
        <test-method status="PASS" signature="browserQuit(org.testng.ITestResult)[pri:0, instance:com.obsqura.testscripts.ManagePaymentMethodsTest@7fa98a66]" name="browserQuit" is-config="true" duration-ms="794" started-at="2023-04-28T17:24:15 IST" finished-at="2023-04-28T17:24:16 IST">
          <params>
            <param index="0">
              <value>
                <![CDATA[[TestResult name=updatePayLimitin_ManagePaymentMethod status=SUCCESS method=ManagePaymentMethodsTest.updatePayLimitin_ManagePaymentMethod()[pri:0, instance:com.obsqura.testscripts.ManagePaymentMethodsTest@7fa98a66] output={null}]]]>
              </value>
            </param>
          </params>
          <reporter-output>
          </reporter-output>
        </test-method> <!-- browserQuit -->
        <test-method status="PASS" signature="initilizeBrowser(java.lang.String)[pri:0, instance:com.obsqura.testscripts.ManagePaymentMethodsTest@7fa98a66]" name="initilizeBrowser" is-config="true" duration-ms="1868" started-at="2023-04-28T17:24:16 IST" finished-at="2023-04-28T17:24:17 IST">
          <params>
            <param index="0">
              <value>
                <![CDATA[edge]]>
              </value>
            </param>
          </params>
          <reporter-output>
          </reporter-output>
        </test-method> <!-- initilizeBrowser -->
        <test-method status="PASS" signature="updateTitlein_ManagePaymentMethod()[pri:0, instance:com.obsqura.testscripts.ManagePaymentMethodsTest@7fa98a66]" name="updateTitlein_ManagePaymentMethod" duration-ms="2695" started-at="2023-04-28T17:24:17 IST" finished-at="2023-04-28T17:24:20 IST">
          <reporter-output>
          </reporter-output>
        </test-method> <!-- updateTitlein_ManagePaymentMethod -->
        <test-method status="PASS" signature="browserQuit(org.testng.ITestResult)[pri:0, instance:com.obsqura.testscripts.ManagePaymentMethodsTest@7fa98a66]" name="browserQuit" is-config="true" duration-ms="814" started-at="2023-04-28T17:24:20 IST" finished-at="2023-04-28T17:24:21 IST">
          <params>
            <param index="0">
              <value>
                <![CDATA[[TestResult name=updateTitlein_ManagePaymentMethod status=SUCCESS method=ManagePaymentMethodsTest.updateTitlein_ManagePaymentMethod()[pri:0, instance:com.obsqura.testscripts.ManagePaymentMethodsTest@7fa98a66] output={null}]]]>
              </value>
            </param>
          </params>
          <reporter-output>
          </reporter-output>
        </test-method> <!-- browserQuit -->
      </class> <!-- com.obsqura.testscripts.ManagePaymentMethodsTest -->
      <class name="com.obsqura.testscripts.ManageCategorySubcategoryTest">
        <test-method status="PASS" signature="initilizeBrowser(java.lang.String)[pri:0, instance:com.obsqura.testscripts.ManageCategorySubcategoryTest@4d9e68d0]" name="initilizeBrowser" is-config="true" duration-ms="2302" started-at="2023-04-28T17:22:23 IST" finished-at="2023-04-28T17:22:25 IST">
          <params>
            <param index="0">
              <value>
                <![CDATA[edge]]>
              </value>
            </param>
          </params>
          <reporter-output>
          </reporter-output>
        </test-method> <!-- initilizeBrowser -->
        <test-method status="PASS" signature="AddingnewSubCategoryin_SubCategorypage()[pri:0, instance:com.obsqura.testscripts.ManageCategorySubcategoryTest@4d9e68d0]" name="AddingnewSubCategoryin_SubCategorypage" duration-ms="4871" started-at="2023-04-28T17:22:25 IST" finished-at="2023-04-28T17:22:30 IST">
          <reporter-output>
          </reporter-output>
        </test-method> <!-- AddingnewSubCategoryin_SubCategorypage -->
        <test-method status="PASS" signature="browserQuit(org.testng.ITestResult)[pri:0, instance:com.obsqura.testscripts.ManageCategorySubcategoryTest@4d9e68d0]" name="browserQuit" is-config="true" duration-ms="799" started-at="2023-04-28T17:22:30 IST" finished-at="2023-04-28T17:22:31 IST">
          <params>
            <param index="0">
              <value>
                <![CDATA[[TestResult name=AddingnewSubCategoryin_SubCategorypage status=SUCCESS method=ManageCategorySubcategoryTest.AddingnewSubCategoryin_SubCategorypage()[pri:0, instance:com.obsqura.testscripts.ManageCategorySubcategoryTest@4d9e68d0] output={null}]]]>
              </value>
            </param>
          </params>
          <reporter-output>
          </reporter-output>
        </test-method> <!-- browserQuit -->
        <test-method status="PASS" signature="initilizeBrowser(java.lang.String)[pri:0, instance:com.obsqura.testscripts.ManageCategorySubcategoryTest@4d9e68d0]" name="initilizeBrowser" is-config="true" duration-ms="2461" started-at="2023-04-28T17:22:31 IST" finished-at="2023-04-28T17:22:33 IST">
          <params>
            <param index="0">
              <value>
                <![CDATA[edge]]>
              </value>
            </param>
          </params>
          <reporter-output>
          </reporter-output>
        </test-method> <!-- initilizeBrowser -->
        <test-method status="PASS" signature="toSearchSubCategory_whileclickonSearchButton(java.lang.String,java.lang.String)[pri:0, instance:com.obsqura.testscripts.ManageCategorySubcategoryTest@4d9e68d0]" name="toSearchSubCategory_whileclickonSearchButton" duration-ms="3621" started-at="2023-04-28T17:22:33 IST" finished-at="2023-04-28T17:22:37 IST">
          <params>
            <param index="0">
              <value>
                <![CDATA[Peaches]]>
              </value>
            </param>
            <param index="1">
              <value>
                <![CDATA[176]]>
              </value>
            </param>
          </params>
          <reporter-output>
          </reporter-output>
        </test-method> <!-- toSearchSubCategory_whileclickonSearchButton -->
        <test-method status="PASS" signature="browserQuit(org.testng.ITestResult)[pri:0, instance:com.obsqura.testscripts.ManageCategorySubcategoryTest@4d9e68d0]" name="browserQuit" is-config="true" duration-ms="805" started-at="2023-04-28T17:22:37 IST" finished-at="2023-04-28T17:22:38 IST">
          <params>
            <param index="0">
              <value>
                <![CDATA[[TestResult name=toSearchSubCategory_whileclickonSearchButton status=SUCCESS method=ManageCategorySubcategoryTest.toSearchSubCategory_whileclickonSearchButton(java.lang.String,java.lang.String)[pri:0, instance:com.obsqura.testscripts.ManageCategorySubcategoryTest@4d9e68d0] output={null}]]]>
              </value>
            </param>
          </params>
          <reporter-output>
          </reporter-output>
        </test-method> <!-- browserQuit -->
        <test-method status="PASS" signature="initilizeBrowser(java.lang.String)[pri:0, instance:com.obsqura.testscripts.ManageCategorySubcategoryTest@4d9e68d0]" name="initilizeBrowser" is-config="true" duration-ms="1886" started-at="2023-04-28T17:22:38 IST" finished-at="2023-04-28T17:22:40 IST">
          <params>
            <param index="0">
              <value>
                <![CDATA[edge]]>
              </value>
            </param>
          </params>
          <reporter-output>
          </reporter-output>
        </test-method> <!-- initilizeBrowser -->
        <test-method status="PASS" signature="verifythecategoryinNew_SubcategoryPageAndSearchCategoryPageis_Same()[pri:0, instance:com.obsqura.testscripts.ManageCategorySubcategoryTest@4d9e68d0]" name="verifythecategoryinNew_SubcategoryPageAndSearchCategoryPageis_Same" duration-ms="3302" started-at="2023-04-28T17:22:40 IST" finished-at="2023-04-28T17:22:43 IST">
          <reporter-output>
          </reporter-output>
        </test-method> <!-- verifythecategoryinNew_SubcategoryPageAndSearchCategoryPageis_Same -->
        <test-method status="PASS" signature="browserQuit(org.testng.ITestResult)[pri:0, instance:com.obsqura.testscripts.ManageCategorySubcategoryTest@4d9e68d0]" name="browserQuit" is-config="true" duration-ms="825" started-at="2023-04-28T17:22:43 IST" finished-at="2023-04-28T17:22:44 IST">
          <params>
            <param index="0">
              <value>
                <![CDATA[[TestResult name=verifythecategoryinNew_SubcategoryPageAndSearchCategoryPageis_Same status=SUCCESS method=ManageCategorySubcategoryTest.verifythecategoryinNew_SubcategoryPageAndSearchCategoryPageis_Same()[pri:0, instance:com.obsqura.testscripts.ManageCategorySubcategoryTest@4d9e68d0] output={null}]]]>
              </value>
            </param>
          </params>
          <reporter-output>
          </reporter-output>
        </test-method> <!-- browserQuit -->
      </class> <!-- com.obsqura.testscripts.ManageCategorySubcategoryTest -->
      <class name="com.obsqura.testscripts.ManageLocationTest">
        <test-method status="PASS" signature="initilizeBrowser(java.lang.String)[pri:0, instance:com.obsqura.testscripts.ManageLocationTest@5e0826e7]" name="initilizeBrowser" is-config="true" duration-ms="1827" started-at="2023-04-28T17:24:39 IST" finished-at="2023-04-28T17:24:41 IST">
          <params>
            <param index="0">
              <value>
                <![CDATA[edge]]>
              </value>
            </param>
          </params>
          <reporter-output>
          </reporter-output>
        </test-method> <!-- initilizeBrowser -->
        <test-method status="PASS" signature="toAddNewLocationtothe_ManageLocationPaged()[pri:0, instance:com.obsqura.testscripts.ManageLocationTest@5e0826e7]" name="toAddNewLocationtothe_ManageLocationPaged" duration-ms="2565" started-at="2023-04-28T17:24:41 IST" finished-at="2023-04-28T17:24:44 IST">
          <reporter-output>
          </reporter-output>
        </test-method> <!-- toAddNewLocationtothe_ManageLocationPaged -->
        <test-method status="PASS" signature="browserQuit(org.testng.ITestResult)[pri:0, instance:com.obsqura.testscripts.ManageLocationTest@5e0826e7]" name="browserQuit" is-config="true" duration-ms="776" started-at="2023-04-28T17:24:44 IST" finished-at="2023-04-28T17:24:45 IST">
          <params>
            <param index="0">
              <value>
                <![CDATA[[TestResult name=toAddNewLocationtothe_ManageLocationPaged status=SUCCESS method=ManageLocationTest.toAddNewLocationtothe_ManageLocationPaged()[pri:0, instance:com.obsqura.testscripts.ManageLocationTest@5e0826e7] output={null}]]]>
              </value>
            </param>
          </params>
          <reporter-output>
          </reporter-output>
        </test-method> <!-- browserQuit -->
        <test-method status="PASS" signature="initilizeBrowser(java.lang.String)[pri:0, instance:com.obsqura.testscripts.ManageLocationTest@5e0826e7]" name="initilizeBrowser" is-config="true" duration-ms="2372" started-at="2023-04-28T17:24:45 IST" finished-at="2023-04-28T17:24:47 IST">
          <params>
            <param index="0">
              <value>
                <![CDATA[edge]]>
              </value>
            </param>
          </params>
          <reporter-output>
          </reporter-output>
        </test-method> <!-- initilizeBrowser -->
        <test-method status="PASS" signature="togetthelistofloactionbySearchingwithCountryandStateinthe_ManageLocationPaged()[pri:0, instance:com.obsqura.testscripts.ManageLocationTest@5e0826e7]" name="togetthelistofloactionbySearchingwithCountryandStateinthe_ManageLocationPaged" duration-ms="2348" started-at="2023-04-28T17:24:47 IST" finished-at="2023-04-28T17:24:49 IST">
          <reporter-output>
          </reporter-output>
        </test-method> <!-- togetthelistofloactionbySearchingwithCountryandStateinthe_ManageLocationPaged -->
        <test-method status="PASS" signature="browserQuit(org.testng.ITestResult)[pri:0, instance:com.obsqura.testscripts.ManageLocationTest@5e0826e7]" name="browserQuit" is-config="true" duration-ms="797" started-at="2023-04-28T17:24:49 IST" finished-at="2023-04-28T17:24:50 IST">
          <params>
            <param index="0">
              <value>
                <![CDATA[[TestResult name=togetthelistofloactionbySearchingwithCountryandStateinthe_ManageLocationPaged status=SUCCESS method=ManageLocationTest.togetthelistofloactionbySearchingwithCountryandStateinthe_ManageLocationPaged()[pri:0, instance:com.obsqura.testscripts.ManageLocationTest@5e0826e7] output={null}]]]>
              </value>
            </param>
          </params>
          <reporter-output>
          </reporter-output>
        </test-method> <!-- browserQuit -->
      </class> <!-- com.obsqura.testscripts.ManageLocationTest -->
      <class name="com.obsqura.testscripts.ManageSliderTest">
        <test-method status="PASS" signature="initilizeBrowser(java.lang.String)[pri:0, instance:com.obsqura.testscripts.ManageSliderTest@15ff3e9e]" name="initilizeBrowser" is-config="true" duration-ms="2337" started-at="2023-04-28T17:24:21 IST" finished-at="2023-04-28T17:24:23 IST">
          <params>
            <param index="0">
              <value>
                <![CDATA[edge]]>
              </value>
            </param>
          </params>
          <reporter-output>
          </reporter-output>
        </test-method> <!-- initilizeBrowser -->
        <test-method status="PASS" signature="new_ListSliders()[pri:0, instance:com.obsqura.testscripts.ManageSliderTest@15ff3e9e]" name="new_ListSliders" duration-ms="2485" started-at="2023-04-28T17:24:23 IST" finished-at="2023-04-28T17:24:26 IST">
          <reporter-output>
          </reporter-output>
        </test-method> <!-- new_ListSliders -->
        <test-method status="PASS" signature="browserQuit(org.testng.ITestResult)[pri:0, instance:com.obsqura.testscripts.ManageSliderTest@15ff3e9e]" name="browserQuit" is-config="true" duration-ms="789" started-at="2023-04-28T17:24:26 IST" finished-at="2023-04-28T17:24:27 IST">
          <params>
            <param index="0">
              <value>
                <![CDATA[[TestResult name=new_ListSliders status=SUCCESS method=ManageSliderTest.new_ListSliders()[pri:0, instance:com.obsqura.testscripts.ManageSliderTest@15ff3e9e] output={null}]]]>
              </value>
            </param>
          </params>
          <reporter-output>
          </reporter-output>
        </test-method> <!-- browserQuit -->
      </class> <!-- com.obsqura.testscripts.ManageSliderTest -->
      <class name="com.obsqura.testscripts.ManageCategoryCategoryTest">
        <test-method status="PASS" signature="initilizeBrowser(java.lang.String)[pri:0, instance:com.obsqura.testscripts.ManageCategoryCategoryTest@1d9b7cce]" name="initilizeBrowser" is-config="true" duration-ms="2538" started-at="2023-04-28T17:22:02 IST" finished-at="2023-04-28T17:22:05 IST">
          <params>
            <param index="0">
              <value>
                <![CDATA[edge]]>
              </value>
            </param>
          </params>
          <reporter-output>
          </reporter-output>
        </test-method> <!-- initilizeBrowser -->
        <test-method status="PASS" signature="AddingnewCategoryin_Categorypage(java.lang.String)[pri:0, instance:com.obsqura.testscripts.ManageCategoryCategoryTest@1d9b7cce]" name="AddingnewCategoryin_Categorypage" duration-ms="10167" started-at="2023-04-28T17:22:05 IST" finished-at="2023-04-28T17:22:15 IST">
          <params>
            <param index="0">
              <value>
                <![CDATA[176]]>
              </value>
            </param>
          </params>
          <reporter-output>
          </reporter-output>
        </test-method> <!-- AddingnewCategoryin_Categorypage -->
        <test-method status="PASS" signature="browserQuit(org.testng.ITestResult)[pri:0, instance:com.obsqura.testscripts.ManageCategoryCategoryTest@1d9b7cce]" name="browserQuit" is-config="true" duration-ms="906" started-at="2023-04-28T17:22:15 IST" finished-at="2023-04-28T17:22:16 IST">
          <params>
            <param index="0">
              <value>
                <![CDATA[[TestResult name=AddingnewCategoryin_Categorypage status=SUCCESS method=ManageCategoryCategoryTest.AddingnewCategoryin_Categorypage(java.lang.String)[pri:0, instance:com.obsqura.testscripts.ManageCategoryCategoryTest@1d9b7cce] output={null}]]]>
              </value>
            </param>
          </params>
          <reporter-output>
          </reporter-output>
        </test-method> <!-- browserQuit -->
        <test-method status="PASS" signature="initilizeBrowser(java.lang.String)[pri:0, instance:com.obsqura.testscripts.ManageCategoryCategoryTest@1d9b7cce]" name="initilizeBrowser" is-config="true" duration-ms="2422" started-at="2023-04-28T17:22:16 IST" finished-at="2023-04-28T17:22:18 IST">
          <params>
            <param index="0">
              <value>
                <![CDATA[edge]]>
              </value>
            </param>
          </params>
          <reporter-output>
          </reporter-output>
        </test-method> <!-- initilizeBrowser -->
        <test-method status="PASS" signature="verifythenewCategorywillCreate_withoutManadotoryfield_Categoryin_Categorypage()[pri:0, instance:com.obsqura.testscripts.ManageCategoryCategoryTest@1d9b7cce]" name="verifythenewCategorywillCreate_withoutManadotoryfield_Categoryin_Categorypage" duration-ms="3599" started-at="2023-04-28T17:22:18 IST" finished-at="2023-04-28T17:22:22 IST">
          <reporter-output>
          </reporter-output>
        </test-method> <!-- verifythenewCategorywillCreate_withoutManadotoryfield_Categoryin_Categorypage -->
        <test-method status="PASS" signature="browserQuit(org.testng.ITestResult)[pri:0, instance:com.obsqura.testscripts.ManageCategoryCategoryTest@1d9b7cce]" name="browserQuit" is-config="true" duration-ms="1002" started-at="2023-04-28T17:22:22 IST" finished-at="2023-04-28T17:22:23 IST">
          <params>
            <param index="0">
              <value>
                <![CDATA[[TestResult name=verifythenewCategorywillCreate_withoutManadotoryfield_Categoryin_Categorypage status=SUCCESS method=ManageCategoryCategoryTest.verifythenewCategorywillCreate_withoutManadotoryfield_Categoryin_Categorypage()[pri:0, instance:com.obsqura.testscripts.ManageCategoryCategoryTest@1d9b7cce] output={null}]]]>
              </value>
            </param>
          </params>
          <reporter-output>
          </reporter-output>
        </test-method> <!-- browserQuit -->
      </class> <!-- com.obsqura.testscripts.ManageCategoryCategoryTest -->
      <class name="com.obsqura.testscripts.ManageFooterTextTest">
        <test-method status="PASS" signature="initilizeBrowser(java.lang.String)[pri:0, instance:com.obsqura.testscripts.ManageFooterTextTest@52e6fdee]" name="initilizeBrowser" is-config="true" duration-ms="2481" started-at="2023-04-28T17:23:25 IST" finished-at="2023-04-28T17:23:27 IST">
          <params>
            <param index="0">
              <value>
                <![CDATA[edge]]>
              </value>
            </param>
          </params>
          <reporter-output>
          </reporter-output>
        </test-method> <!-- initilizeBrowser -->
        <test-method status="PASS" signature="update_FooterText()[pri:0, instance:com.obsqura.testscripts.ManageFooterTextTest@52e6fdee]" name="update_FooterText" duration-ms="3694" started-at="2023-04-28T17:23:27 IST" finished-at="2023-04-28T17:23:31 IST">
          <reporter-output>
          </reporter-output>
        </test-method> <!-- update_FooterText -->
        <test-method status="PASS" signature="browserQuit(org.testng.ITestResult)[pri:0, instance:com.obsqura.testscripts.ManageFooterTextTest@52e6fdee]" name="browserQuit" is-config="true" duration-ms="795" started-at="2023-04-28T17:23:31 IST" finished-at="2023-04-28T17:23:32 IST">
          <params>
            <param index="0">
              <value>
                <![CDATA[[TestResult name=update_FooterText status=SUCCESS method=ManageFooterTextTest.update_FooterText()[pri:0, instance:com.obsqura.testscripts.ManageFooterTextTest@52e6fdee] output={null}]]]>
              </value>
            </param>
          </params>
          <reporter-output>
          </reporter-output>
        </test-method> <!-- browserQuit -->
      </class> <!-- com.obsqura.testscripts.ManageFooterTextTest -->
      <class name="com.obsqura.testscripts.ManageNewsTest">
        <test-method status="PASS" signature="initilizeBrowser(java.lang.String)[pri:0, instance:com.obsqura.testscripts.ManageNewsTest@6c80d78a]" name="initilizeBrowser" is-config="true" duration-ms="1932" started-at="2023-04-28T17:23:32 IST" finished-at="2023-04-28T17:23:34 IST">
          <params>
            <param index="0">
              <value>
                <![CDATA[edge]]>
              </value>
            </param>
          </params>
          <reporter-output>
          </reporter-output>
        </test-method> <!-- initilizeBrowser -->
        <test-method status="PASS" signature="toAddNewstoManage_NewsPage()[pri:0, instance:com.obsqura.testscripts.ManageNewsTest@6c80d78a]" name="toAddNewstoManage_NewsPage" duration-ms="2837" started-at="2023-04-28T17:23:34 IST" finished-at="2023-04-28T17:23:36 IST">
          <reporter-output>
          </reporter-output>
        </test-method> <!-- toAddNewstoManage_NewsPage -->
        <test-method status="PASS" signature="browserQuit(org.testng.ITestResult)[pri:0, instance:com.obsqura.testscripts.ManageNewsTest@6c80d78a]" name="browserQuit" is-config="true" duration-ms="884" started-at="2023-04-28T17:23:36 IST" finished-at="2023-04-28T17:23:37 IST">
          <params>
            <param index="0">
              <value>
                <![CDATA[[TestResult name=toAddNewstoManage_NewsPage status=SUCCESS method=ManageNewsTest.toAddNewstoManage_NewsPage()[pri:0, instance:com.obsqura.testscripts.ManageNewsTest@6c80d78a] output={null}]]]>
              </value>
            </param>
          </params>
          <reporter-output>
          </reporter-output>
        </test-method> <!-- browserQuit -->
      </class> <!-- com.obsqura.testscripts.ManageNewsTest -->
      <class name="com.obsqura.testscripts.MobileSliderTest">
        <test-method status="PASS" signature="initilizeBrowser(java.lang.String)[pri:0, instance:com.obsqura.testscripts.MobileSliderTest@32eff876]" name="initilizeBrowser" is-config="true" duration-ms="1821" started-at="2023-04-28T17:24:50 IST" finished-at="2023-04-28T17:24:52 IST">
          <params>
            <param index="0">
              <value>
                <![CDATA[edge]]>
              </value>
            </param>
          </params>
          <reporter-output>
          </reporter-output>
        </test-method> <!-- initilizeBrowser -->
        <test-method status="PASS" signature="tocreatea_newMobileSlider()[pri:0, instance:com.obsqura.testscripts.MobileSliderTest@32eff876]" name="tocreatea_newMobileSlider" duration-ms="3514" started-at="2023-04-28T17:24:52 IST" finished-at="2023-04-28T17:24:55 IST">
          <reporter-output>
          </reporter-output>
        </test-method> <!-- tocreatea_newMobileSlider -->
        <test-method status="PASS" signature="browserQuit(org.testng.ITestResult)[pri:0, instance:com.obsqura.testscripts.MobileSliderTest@32eff876]" name="browserQuit" is-config="true" duration-ms="776" started-at="2023-04-28T17:24:55 IST" finished-at="2023-04-28T17:24:56 IST">
          <params>
            <param index="0">
              <value>
                <![CDATA[[TestResult name=tocreatea_newMobileSlider status=SUCCESS method=MobileSliderTest.tocreatea_newMobileSlider()[pri:0, instance:com.obsqura.testscripts.MobileSliderTest@32eff876] output={null}]]]>
              </value>
            </param>
          </params>
          <reporter-output>
          </reporter-output>
        </test-method> <!-- browserQuit -->
      </class> <!-- com.obsqura.testscripts.MobileSliderTest -->
      <class name="com.obsqura.testscripts.ManageOfferCodeTest">
        <test-method status="PASS" signature="initilizeBrowser(java.lang.String)[pri:0, instance:com.obsqura.testscripts.ManageOfferCodeTest@62150f9e]" name="initilizeBrowser" is-config="true" duration-ms="1789" started-at="2023-04-28T17:23:37 IST" finished-at="2023-04-28T17:23:39 IST">
          <params>
            <param index="0">
              <value>
                <![CDATA[edge]]>
              </value>
            </param>
          </params>
          <reporter-output>
          </reporter-output>
        </test-method> <!-- initilizeBrowser -->
        <test-method status="PASS" signature="toCheckTheFuctionalityofMoreInfoicon()[pri:0, instance:com.obsqura.testscripts.ManageOfferCodeTest@62150f9e]" name="toCheckTheFuctionalityofMoreInfoicon" duration-ms="978" started-at="2023-04-28T17:23:39 IST" finished-at="2023-04-28T17:23:40 IST">
          <reporter-output>
          </reporter-output>
        </test-method> <!-- toCheckTheFuctionalityofMoreInfoicon -->
        <test-method status="PASS" signature="browserQuit(org.testng.ITestResult)[pri:0, instance:com.obsqura.testscripts.ManageOfferCodeTest@62150f9e]" name="browserQuit" is-config="true" duration-ms="766" started-at="2023-04-28T17:23:40 IST" finished-at="2023-04-28T17:23:41 IST">
          <params>
            <param index="0">
              <value>
                <![CDATA[[TestResult name=toCheckTheFuctionalityofMoreInfoicon status=SUCCESS method=ManageOfferCodeTest.toCheckTheFuctionalityofMoreInfoicon()[pri:0, instance:com.obsqura.testscripts.ManageOfferCodeTest@62150f9e] output={null}]]]>
              </value>
            </param>
          </params>
          <reporter-output>
          </reporter-output>
        </test-method> <!-- browserQuit -->
        <test-method status="PASS" signature="initilizeBrowser(java.lang.String)[pri:0, instance:com.obsqura.testscripts.ManageOfferCodeTest@62150f9e]" name="initilizeBrowser" is-config="true" duration-ms="1773" started-at="2023-04-28T17:23:41 IST" finished-at="2023-04-28T17:23:43 IST">
          <params>
            <param index="0">
              <value>
                <![CDATA[edge]]>
              </value>
            </param>
          </params>
          <reporter-output>
          </reporter-output>
        </test-method> <!-- initilizeBrowser -->
        <test-method status="PASS" signature="toSearchOfferCodein_ManageOfferCodePage(java.lang.String)[pri:0, instance:com.obsqura.testscripts.ManageOfferCodeTest@62150f9e]" name="toSearchOfferCodein_ManageOfferCodePage" duration-ms="1570" started-at="2023-04-28T17:23:43 IST" finished-at="2023-04-28T17:23:44 IST">
          <params>
            <param index="0">
              <value>
                <![CDATA[1697]]>
              </value>
            </param>
          </params>
          <reporter-output>
          </reporter-output>
        </test-method> <!-- toSearchOfferCodein_ManageOfferCodePage -->
        <test-method status="PASS" signature="browserQuit(org.testng.ITestResult)[pri:0, instance:com.obsqura.testscripts.ManageOfferCodeTest@62150f9e]" name="browserQuit" is-config="true" duration-ms="794" started-at="2023-04-28T17:23:44 IST" finished-at="2023-04-28T17:23:45 IST">
          <params>
            <param index="0">
              <value>
                <![CDATA[[TestResult name=toSearchOfferCodein_ManageOfferCodePage status=SUCCESS method=ManageOfferCodeTest.toSearchOfferCodein_ManageOfferCodePage(java.lang.String)[pri:0, instance:com.obsqura.testscripts.ManageOfferCodeTest@62150f9e] output={null}]]]>
              </value>
            </param>
          </params>
          <reporter-output>
          </reporter-output>
        </test-method> <!-- browserQuit -->
        <test-method status="PASS" signature="initilizeBrowser(java.lang.String)[pri:0, instance:com.obsqura.testscripts.ManageOfferCodeTest@62150f9e]" name="initilizeBrowser" is-config="true" duration-ms="1993" started-at="2023-04-28T17:23:45 IST" finished-at="2023-04-28T17:23:47 IST">
          <params>
            <param index="0">
              <value>
                <![CDATA[edge]]>
              </value>
            </param>
          </params>
          <reporter-output>
          </reporter-output>
        </test-method> <!-- initilizeBrowser -->
        <test-method status="PASS" signature="toaddOfferCodein_ManageOfferCodePage()[pri:0, instance:com.obsqura.testscripts.ManageOfferCodeTest@62150f9e]" name="toaddOfferCodein_ManageOfferCodePage" duration-ms="2938" started-at="2023-04-28T17:23:47 IST" finished-at="2023-04-28T17:23:50 IST">
          <reporter-output>
          </reporter-output>
        </test-method> <!-- toaddOfferCodein_ManageOfferCodePage -->
        <test-method status="PASS" signature="browserQuit(org.testng.ITestResult)[pri:0, instance:com.obsqura.testscripts.ManageOfferCodeTest@62150f9e]" name="browserQuit" is-config="true" duration-ms="813" started-at="2023-04-28T17:23:50 IST" finished-at="2023-04-28T17:23:51 IST">
          <params>
            <param index="0">
              <value>
                <![CDATA[[TestResult name=toaddOfferCodein_ManageOfferCodePage status=SUCCESS method=ManageOfferCodeTest.toaddOfferCodein_ManageOfferCodePage()[pri:0, instance:com.obsqura.testscripts.ManageOfferCodeTest@62150f9e] output={null}]]]>
              </value>
            </param>
          </params>
          <reporter-output>
          </reporter-output>
        </test-method> <!-- browserQuit -->
      </class> <!-- com.obsqura.testscripts.ManageOfferCodeTest -->
      <class name="com.obsqura.testscripts.VerifyLogonameTest">
        <test-method status="PASS" signature="initilizeBrowser(java.lang.String)[pri:0, instance:com.obsqura.testscripts.VerifyLogonameTest@6dc17b83]" name="initilizeBrowser" is-config="true" duration-ms="1944" started-at="2023-04-28T17:24:36 IST" finished-at="2023-04-28T17:24:38 IST">
          <params>
            <param index="0">
              <value>
                <![CDATA[edge]]>
              </value>
            </param>
          </params>
          <reporter-output>
          </reporter-output>
        </test-method> <!-- initilizeBrowser -->
        <test-method status="PASS" signature="verifyLogo(java.lang.String)[pri:0, instance:com.obsqura.testscripts.VerifyLogonameTest@6dc17b83]" name="verifyLogo" duration-ms="637" started-at="2023-04-28T17:24:38 IST" finished-at="2023-04-28T17:24:39 IST">
          <params>
            <param index="0">
              <value>
                <![CDATA[7rmart supermarket]]>
              </value>
            </param>
          </params>
          <reporter-output>
          </reporter-output>
        </test-method> <!-- verifyLogo -->
        <test-method status="PASS" signature="browserQuit(org.testng.ITestResult)[pri:0, instance:com.obsqura.testscripts.VerifyLogonameTest@6dc17b83]" name="browserQuit" is-config="true" duration-ms="787" started-at="2023-04-28T17:24:39 IST" finished-at="2023-04-28T17:24:39 IST">
          <params>
            <param index="0">
              <value>
                <![CDATA[[TestResult name=verifyLogo status=SUCCESS method=VerifyLogonameTest.verifyLogo(java.lang.String)[pri:0, instance:com.obsqura.testscripts.VerifyLogonameTest@6dc17b83] output={null}]]]>
              </value>
            </param>
          </params>
          <reporter-output>
          </reporter-output>
        </test-method> <!-- browserQuit -->
      </class> <!-- com.obsqura.testscripts.VerifyLogonameTest -->
      <class name="com.obsqura.testscripts.ExpenseCategoryTest">
        <test-method status="PASS" signature="initilizeBrowser(java.lang.String)[pri:0, instance:com.obsqura.testscripts.ExpenseCategoryTest@7722c3c3]" name="initilizeBrowser" is-config="true" duration-ms="3528" started-at="2023-04-28T17:21:35 IST" finished-at="2023-04-28T17:21:39 IST">
          <params>
            <param index="0">
              <value>
                <![CDATA[edge]]>
              </value>
            </param>
          </params>
          <reporter-output>
          </reporter-output>
        </test-method> <!-- initilizeBrowser -->
        <test-method status="PASS" signature="VerifycolorofNew_Search_Resetbutton(java.lang.String,java.lang.String,java.lang.String)[pri:0, instance:com.obsqura.testscripts.ExpenseCategoryTest@7722c3c3]" name="VerifycolorofNew_Search_Resetbutton" duration-ms="2424" started-at="2023-04-28T17:21:39 IST" finished-at="2023-04-28T17:21:41 IST">
          <params>
            <param index="0">
              <value>
                <![CDATA[rgba(220, 53, 69, 1)]]>
              </value>
            </param>
            <param index="1">
              <value>
                <![CDATA[rgba(0, 123, 255, 1)]]>
              </value>
            </param>
            <param index="2">
              <value>
                <![CDATA[rgba(255, 193, 7, 1)]]>
              </value>
            </param>
          </params>
          <reporter-output>
          </reporter-output>
        </test-method> <!-- VerifycolorofNew_Search_Resetbutton -->
        <test-method status="PASS" signature="browserQuit(org.testng.ITestResult)[pri:0, instance:com.obsqura.testscripts.ExpenseCategoryTest@7722c3c3]" name="browserQuit" is-config="true" duration-ms="810" started-at="2023-04-28T17:21:41 IST" finished-at="2023-04-28T17:21:42 IST">
          <params>
            <param index="0">
              <value>
                <![CDATA[[TestResult name=VerifycolorofNew_Search_Resetbutton status=SUCCESS method=ExpenseCategoryTest.VerifycolorofNew_Search_Resetbutton(java.lang.String,java.lang.String,java.lang.String)[pri:0, instance:com.obsqura.testscripts.ExpenseCategoryTest@7722c3c3] output={null}]]]>
              </value>
            </param>
          </params>
          <reporter-output>
          </reporter-output>
        </test-method> <!-- browserQuit -->
        <test-method status="PASS" signature="initilizeBrowser(java.lang.String)[pri:0, instance:com.obsqura.testscripts.ExpenseCategoryTest@7722c3c3]" name="initilizeBrowser" is-config="true" duration-ms="2506" started-at="2023-04-28T17:21:42 IST" finished-at="2023-04-28T17:21:45 IST">
          <params>
            <param index="0">
              <value>
                <![CDATA[edge]]>
              </value>
            </param>
          </params>
          <reporter-output>
          </reporter-output>
        </test-method> <!-- initilizeBrowser -->
        <test-method status="PASS" signature="addNewExpenseCategory_and_VerifyAddingNewExpenceCategory_presentinTable()[pri:0, instance:com.obsqura.testscripts.ExpenseCategoryTest@7722c3c3]" name="addNewExpenseCategory_and_VerifyAddingNewExpenceCategory_presentinTable" duration-ms="3294" started-at="2023-04-28T17:21:45 IST" finished-at="2023-04-28T17:21:48 IST">
          <reporter-output>
          </reporter-output>
        </test-method> <!-- addNewExpenseCategory_and_VerifyAddingNewExpenceCategory_presentinTable -->
        <test-method status="PASS" signature="browserQuit(org.testng.ITestResult)[pri:0, instance:com.obsqura.testscripts.ExpenseCategoryTest@7722c3c3]" name="browserQuit" is-config="true" duration-ms="815" started-at="2023-04-28T17:21:48 IST" finished-at="2023-04-28T17:21:49 IST">
          <params>
            <param index="0">
              <value>
                <![CDATA[[TestResult name=addNewExpenseCategory_and_VerifyAddingNewExpenceCategory_presentinTable status=SUCCESS method=ExpenseCategoryTest.addNewExpenseCategory_and_VerifyAddingNewExpenceCategory_presentinTable()[pri:0, instance:com.obsqura.testscripts.ExpenseCategoryTest@7722c3c3] output={null}]]]>
              </value>
            </param>
          </params>
          <reporter-output>
          </reporter-output>
        </test-method> <!-- browserQuit -->
        <test-method status="PASS" signature="initilizeBrowser(java.lang.String)[pri:0, instance:com.obsqura.testscripts.ExpenseCategoryTest@7722c3c3]" name="initilizeBrowser" is-config="true" duration-ms="2458" started-at="2023-04-28T17:21:49 IST" finished-at="2023-04-28T17:21:51 IST">
          <params>
            <param index="0">
              <value>
                <![CDATA[edge]]>
              </value>
            </param>
          </params>
          <reporter-output>
          </reporter-output>
        </test-method> <!-- initilizeBrowser -->
        <test-method status="PASS" signature="resettheTitle_usingReseButton()[pri:0, instance:com.obsqura.testscripts.ExpenseCategoryTest@7722c3c3]" name="resettheTitle_usingReseButton" duration-ms="2333" started-at="2023-04-28T17:21:51 IST" finished-at="2023-04-28T17:21:54 IST">
          <reporter-output>
          </reporter-output>
        </test-method> <!-- resettheTitle_usingReseButton -->
        <test-method status="PASS" signature="browserQuit(org.testng.ITestResult)[pri:0, instance:com.obsqura.testscripts.ExpenseCategoryTest@7722c3c3]" name="browserQuit" is-config="true" duration-ms="762" started-at="2023-04-28T17:21:54 IST" finished-at="2023-04-28T17:21:54 IST">
          <params>
            <param index="0">
              <value>
                <![CDATA[[TestResult name=resettheTitle_usingReseButton status=SUCCESS method=ExpenseCategoryTest.resettheTitle_usingReseButton()[pri:0, instance:com.obsqura.testscripts.ExpenseCategoryTest@7722c3c3] output={null}]]]>
              </value>
            </param>
          </params>
          <reporter-output>
          </reporter-output>
        </test-method> <!-- browserQuit -->
        <test-method status="PASS" signature="initilizeBrowser(java.lang.String)[pri:0, instance:com.obsqura.testscripts.ExpenseCategoryTest@7722c3c3]" name="initilizeBrowser" is-config="true" duration-ms="1775" started-at="2023-04-28T17:21:54 IST" finished-at="2023-04-28T17:21:56 IST">
          <params>
            <param index="0">
              <value>
                <![CDATA[edge]]>
              </value>
            </param>
          </params>
          <reporter-output>
          </reporter-output>
        </test-method> <!-- initilizeBrowser -->
        <test-method status="PASS" signature="verifySearchbutton_functionality_andSearchedItemisShowing()[pri:0, instance:com.obsqura.testscripts.ExpenseCategoryTest@7722c3c3]" name="verifySearchbutton_functionality_andSearchedItemisShowing" duration-ms="2181" started-at="2023-04-28T17:21:56 IST" finished-at="2023-04-28T17:21:58 IST">
          <reporter-output>
          </reporter-output>
        </test-method> <!-- verifySearchbutton_functionality_andSearchedItemisShowing -->
        <test-method status="PASS" signature="browserQuit(org.testng.ITestResult)[pri:0, instance:com.obsqura.testscripts.ExpenseCategoryTest@7722c3c3]" name="browserQuit" is-config="true" duration-ms="807" started-at="2023-04-28T17:21:58 IST" finished-at="2023-04-28T17:21:59 IST">
          <params>
            <param index="0">
              <value>
                <![CDATA[[TestResult name=verifySearchbutton_functionality_andSearchedItemisShowing status=SUCCESS method=ExpenseCategoryTest.verifySearchbutton_functionality_andSearchedItemisShowing()[pri:0, instance:com.obsqura.testscripts.ExpenseCategoryTest@7722c3c3] output={null}]]]>
              </value>
            </param>
          </params>
          <reporter-output>
          </reporter-output>
        </test-method> <!-- browserQuit -->
      </class> <!-- com.obsqura.testscripts.ExpenseCategoryTest -->
      <class name="com.obsqura.testscripts.ManageDeliveryBoyTest">
        <test-method status="PASS" signature="initilizeBrowser(java.lang.String)[pri:0, instance:com.obsqura.testscripts.ManageDeliveryBoyTest@42e99e4a]" name="initilizeBrowser" is-config="true" duration-ms="1947" started-at="2023-04-28T17:22:44 IST" finished-at="2023-04-28T17:22:46 IST">
          <params>
            <param index="0">
              <value>
                <![CDATA[edge]]>
              </value>
            </param>
          </params>
          <reporter-output>
          </reporter-output>
        </test-method> <!-- initilizeBrowser -->
        <test-method status="PASS" signature="addaNew_DeleiveryBoyDetails()[pri:0, instance:com.obsqura.testscripts.ManageDeliveryBoyTest@42e99e4a]" name="addaNew_DeleiveryBoyDetails" duration-ms="4076" started-at="2023-04-28T17:22:46 IST" finished-at="2023-04-28T17:22:50 IST">
          <reporter-output>
          </reporter-output>
        </test-method> <!-- addaNew_DeleiveryBoyDetails -->
        <test-method status="PASS" signature="browserQuit(org.testng.ITestResult)[pri:0, instance:com.obsqura.testscripts.ManageDeliveryBoyTest@42e99e4a]" name="browserQuit" is-config="true" duration-ms="820" started-at="2023-04-28T17:22:50 IST" finished-at="2023-04-28T17:22:51 IST">
          <params>
            <param index="0">
              <value>
                <![CDATA[[TestResult name=addaNew_DeleiveryBoyDetails status=SUCCESS method=ManageDeliveryBoyTest.addaNew_DeleiveryBoyDetails()[pri:0, instance:com.obsqura.testscripts.ManageDeliveryBoyTest@42e99e4a] output={null}]]]>
              </value>
            </param>
          </params>
          <reporter-output>
          </reporter-output>
        </test-method> <!-- browserQuit -->
        <test-method status="PASS" signature="initilizeBrowser(java.lang.String)[pri:0, instance:com.obsqura.testscripts.ManageDeliveryBoyTest@42e99e4a]" name="initilizeBrowser" is-config="true" duration-ms="1773" started-at="2023-04-28T17:22:51 IST" finished-at="2023-04-28T17:22:53 IST">
          <params>
            <param index="0">
              <value>
                <![CDATA[edge]]>
              </value>
            </param>
          </params>
          <reporter-output>
          </reporter-output>
        </test-method> <!-- initilizeBrowser -->
        <test-method status="PASS" signature="search_DeleiveryBoyDetailsbyusing_Email(java.lang.String)[pri:0, instance:com.obsqura.testscripts.ManageDeliveryBoyTest@42e99e4a]" name="search_DeleiveryBoyDetailsbyusing_Email" duration-ms="2561" started-at="2023-04-28T17:22:53 IST" finished-at="2023-04-28T17:22:55 IST">
          <params>
            <param index="0">
              <value>
                <![CDATA[bernetta.oberbrunner@yahoo.com]]>
              </value>
            </param>
          </params>
          <reporter-output>
          </reporter-output>
        </test-method> <!-- search_DeleiveryBoyDetailsbyusing_Email -->
        <test-method status="PASS" signature="browserQuit(org.testng.ITestResult)[pri:0, instance:com.obsqura.testscripts.ManageDeliveryBoyTest@42e99e4a]" name="browserQuit" is-config="true" duration-ms="806" started-at="2023-04-28T17:22:55 IST" finished-at="2023-04-28T17:22:56 IST">
          <params>
            <param index="0">
              <value>
                <![CDATA[[TestResult name=search_DeleiveryBoyDetailsbyusing_Email status=SUCCESS method=ManageDeliveryBoyTest.search_DeleiveryBoyDetailsbyusing_Email(java.lang.String)[pri:0, instance:com.obsqura.testscripts.ManageDeliveryBoyTest@42e99e4a] output={null}]]]>
              </value>
            </param>
          </params>
          <reporter-output>
          </reporter-output>
        </test-method> <!-- browserQuit -->
        <test-method status="PASS" signature="initilizeBrowser(java.lang.String)[pri:0, instance:com.obsqura.testscripts.ManageDeliveryBoyTest@42e99e4a]" name="initilizeBrowser" is-config="true" duration-ms="2368" started-at="2023-04-28T17:22:56 IST" finished-at="2023-04-28T17:22:58 IST">
          <params>
            <param index="0">
              <value>
                <![CDATA[edge]]>
              </value>
            </param>
          </params>
          <reporter-output>
          </reporter-output>
        </test-method> <!-- initilizeBrowser -->
        <test-method status="PASS" signature="search_DeleiveryBoyDetailsbyusing_Name(java.lang.String)[pri:0, instance:com.obsqura.testscripts.ManageDeliveryBoyTest@42e99e4a]" name="search_DeleiveryBoyDetailsbyusing_Name" duration-ms="2334" started-at="2023-04-28T17:22:58 IST" finished-at="2023-04-28T17:23:01 IST">
          <params>
            <param index="0">
              <value>
                <![CDATA[Dillan]]>
              </value>
            </param>
          </params>
          <reporter-output>
          </reporter-output>
        </test-method> <!-- search_DeleiveryBoyDetailsbyusing_Name -->
        <test-method status="PASS" signature="browserQuit(org.testng.ITestResult)[pri:0, instance:com.obsqura.testscripts.ManageDeliveryBoyTest@42e99e4a]" name="browserQuit" is-config="true" duration-ms="799" started-at="2023-04-28T17:23:01 IST" finished-at="2023-04-28T17:23:01 IST">
          <params>
            <param index="0">
              <value>
                <![CDATA[[TestResult name=search_DeleiveryBoyDetailsbyusing_Name status=SUCCESS method=ManageDeliveryBoyTest.search_DeleiveryBoyDetailsbyusing_Name(java.lang.String)[pri:0, instance:com.obsqura.testscripts.ManageDeliveryBoyTest@42e99e4a] output={null}]]]>
              </value>
            </param>
          </params>
          <reporter-output>
          </reporter-output>
        </test-method> <!-- browserQuit -->
        <test-method status="PASS" signature="initilizeBrowser(java.lang.String)[pri:0, instance:com.obsqura.testscripts.ManageDeliveryBoyTest@42e99e4a]" name="initilizeBrowser" is-config="true" duration-ms="3259" started-at="2023-04-28T17:23:01 IST" finished-at="2023-04-28T17:23:05 IST">
          <params>
            <param index="0">
              <value>
                <![CDATA[edge]]>
              </value>
            </param>
          </params>
          <reporter-output>
          </reporter-output>
        </test-method> <!-- initilizeBrowser -->
        <test-method status="PASS" signature="search_DeleiveryBoyDetailsbyusing_PhoneNo(java.lang.String)[pri:0, instance:com.obsqura.testscripts.ManageDeliveryBoyTest@42e99e4a]" name="search_DeleiveryBoyDetailsbyusing_PhoneNo" duration-ms="2637" started-at="2023-04-28T17:23:05 IST" finished-at="2023-04-28T17:23:07 IST">
          <params>
            <param index="0">
              <value>
                <![CDATA[1-645-907-0200]]>
              </value>
            </param>
          </params>
          <reporter-output>
          </reporter-output>
        </test-method> <!-- search_DeleiveryBoyDetailsbyusing_PhoneNo -->
        <test-method status="PASS" signature="browserQuit(org.testng.ITestResult)[pri:0, instance:com.obsqura.testscripts.ManageDeliveryBoyTest@42e99e4a]" name="browserQuit" is-config="true" duration-ms="813" started-at="2023-04-28T17:23:07 IST" finished-at="2023-04-28T17:23:08 IST">
          <params>
            <param index="0">
              <value>
                <![CDATA[[TestResult name=search_DeleiveryBoyDetailsbyusing_PhoneNo status=SUCCESS method=ManageDeliveryBoyTest.search_DeleiveryBoyDetailsbyusing_PhoneNo(java.lang.String)[pri:0, instance:com.obsqura.testscripts.ManageDeliveryBoyTest@42e99e4a] output={null}]]]>
              </value>
            </param>
          </params>
          <reporter-output>
          </reporter-output>
        </test-method> <!-- browserQuit -->
      </class> <!-- com.obsqura.testscripts.ManageDeliveryBoyTest -->
      <class name="com.obsqura.testscripts.PushNotificationTest">
        <test-method status="PASS" signature="initilizeBrowser(java.lang.String)[pri:0, instance:com.obsqura.testscripts.PushNotificationTest@5fdcaa40]" name="initilizeBrowser" is-config="true" duration-ms="1817" started-at="2023-04-28T17:24:27 IST" finished-at="2023-04-28T17:24:28 IST">
          <params>
            <param index="0">
              <value>
                <![CDATA[edge]]>
              </value>
            </param>
          </params>
          <reporter-output>
          </reporter-output>
        </test-method> <!-- initilizeBrowser -->
        <test-method status="PASS" signature="Verify_resetButtonFunctionality()[pri:0, instance:com.obsqura.testscripts.PushNotificationTest@5fdcaa40]" name="Verify_resetButtonFunctionality" duration-ms="2110" started-at="2023-04-28T17:24:28 IST" finished-at="2023-04-28T17:24:31 IST">
          <reporter-output>
          </reporter-output>
        </test-method> <!-- Verify_resetButtonFunctionality -->
        <test-method status="PASS" signature="browserQuit(org.testng.ITestResult)[pri:0, instance:com.obsqura.testscripts.PushNotificationTest@5fdcaa40]" name="browserQuit" is-config="true" duration-ms="811" started-at="2023-04-28T17:24:31 IST" finished-at="2023-04-28T17:24:31 IST">
          <params>
            <param index="0">
              <value>
                <![CDATA[[TestResult name=Verify_resetButtonFunctionality status=SUCCESS method=PushNotificationTest.Verify_resetButtonFunctionality()[pri:0, instance:com.obsqura.testscripts.PushNotificationTest@5fdcaa40] output={null}]]]>
              </value>
            </param>
          </params>
          <reporter-output>
          </reporter-output>
        </test-method> <!-- browserQuit -->
        <test-method status="PASS" signature="initilizeBrowser(java.lang.String)[pri:0, instance:com.obsqura.testscripts.PushNotificationTest@5fdcaa40]" name="initilizeBrowser" is-config="true" duration-ms="1796" started-at="2023-04-28T17:24:31 IST" finished-at="2023-04-28T17:24:33 IST">
          <params>
            <param index="0">
              <value>
                <![CDATA[edge]]>
              </value>
            </param>
          </params>
          <reporter-output>
          </reporter-output>
        </test-method> <!-- initilizeBrowser -->
        <test-method status="PASS" signature="tosendPushnotification()[pri:0, instance:com.obsqura.testscripts.PushNotificationTest@5fdcaa40]" name="tosendPushnotification" duration-ms="2163" started-at="2023-04-28T17:24:33 IST" finished-at="2023-04-28T17:24:35 IST">
          <reporter-output>
          </reporter-output>
        </test-method> <!-- tosendPushnotification -->
        <test-method status="PASS" signature="browserQuit(org.testng.ITestResult)[pri:0, instance:com.obsqura.testscripts.PushNotificationTest@5fdcaa40]" name="browserQuit" is-config="true" duration-ms="789" started-at="2023-04-28T17:24:35 IST" finished-at="2023-04-28T17:24:36 IST">
          <params>
            <param index="0">
              <value>
                <![CDATA[[TestResult name=tosendPushnotification status=SUCCESS method=PushNotificationTest.tosendPushnotification()[pri:0, instance:com.obsqura.testscripts.PushNotificationTest@5fdcaa40] output={null}]]]>
              </value>
            </param>
          </params>
          <reporter-output>
          </reporter-output>
        </test-method> <!-- browserQuit -->
      </class> <!-- com.obsqura.testscripts.PushNotificationTest -->
      <class name="com.obsqura.testscripts.ManageExpenseTest">
        <test-method status="PASS" signature="initilizeBrowser(java.lang.String)[pri:0, instance:com.obsqura.testscripts.ManageExpenseTest@14dd9eb7]" name="initilizeBrowser" is-config="true" duration-ms="1762" started-at="2023-04-28T17:23:08 IST" finished-at="2023-04-28T17:23:10 IST">
          <params>
            <param index="0">
              <value>
                <![CDATA[edge]]>
              </value>
            </param>
          </params>
          <reporter-output>
          </reporter-output>
        </test-method> <!-- initilizeBrowser -->
        <test-method status="PASS" signature="verifyExpenseDetailsTable_Headings()[pri:1, instance:com.obsqura.testscripts.ManageExpenseTest@14dd9eb7]" name="verifyExpenseDetailsTable_Headings" duration-ms="2024" started-at="2023-04-28T17:23:10 IST" finished-at="2023-04-28T17:23:12 IST">
          <reporter-output>
          </reporter-output>
        </test-method> <!-- verifyExpenseDetailsTable_Headings -->
        <test-method status="PASS" signature="browserQuit(org.testng.ITestResult)[pri:0, instance:com.obsqura.testscripts.ManageExpenseTest@14dd9eb7]" name="browserQuit" is-config="true" duration-ms="869" started-at="2023-04-28T17:23:12 IST" finished-at="2023-04-28T17:23:13 IST">
          <params>
            <param index="0">
              <value>
                <![CDATA[[TestResult name=verifyExpenseDetailsTable_Headings status=SUCCESS method=ManageExpenseTest.verifyExpenseDetailsTable_Headings()[pri:1, instance:com.obsqura.testscripts.ManageExpenseTest@14dd9eb7] output={null}]]]>
              </value>
            </param>
          </params>
          <reporter-output>
          </reporter-output>
        </test-method> <!-- browserQuit -->
        <test-method status="PASS" signature="initilizeBrowser(java.lang.String)[pri:0, instance:com.obsqura.testscripts.ManageExpenseTest@14dd9eb7]" name="initilizeBrowser" is-config="true" duration-ms="2304" started-at="2023-04-28T17:23:13 IST" finished-at="2023-04-28T17:23:15 IST">
          <params>
            <param index="0">
              <value>
                <![CDATA[edge]]>
              </value>
            </param>
          </params>
          <reporter-output>
          </reporter-output>
        </test-method> <!-- initilizeBrowser -->
        <test-method status="PASS" signature="toAddNewExpense()[pri:2, instance:com.obsqura.testscripts.ManageExpenseTest@14dd9eb7]" name="toAddNewExpense" duration-ms="8746" started-at="2023-04-28T17:23:15 IST" finished-at="2023-04-28T17:23:24 IST">
          <reporter-output>
          </reporter-output>
        </test-method> <!-- toAddNewExpense -->
        <test-method status="PASS" signature="browserQuit(org.testng.ITestResult)[pri:0, instance:com.obsqura.testscripts.ManageExpenseTest@14dd9eb7]" name="browserQuit" is-config="true" duration-ms="821" started-at="2023-04-28T17:23:24 IST" finished-at="2023-04-28T17:23:25 IST">
          <params>
            <param index="0">
              <value>
                <![CDATA[[TestResult name=toAddNewExpense status=SUCCESS method=ManageExpenseTest.toAddNewExpense()[pri:2, instance:com.obsqura.testscripts.ManageExpenseTest@14dd9eb7] output={null}]]]>
              </value>
            </param>
          </params>
          <reporter-output>
          </reporter-output>
        </test-method> <!-- browserQuit -->
      </class> <!-- com.obsqura.testscripts.ManageExpenseTest -->
      <class name="com.obsqura.testscripts.LoginTest">
        <test-method status="PASS" signature="initilizeBrowser(java.lang.String)[pri:0, instance:com.obsqura.testscripts.LoginTest@7334aada]" name="initilizeBrowser" is-config="true" duration-ms="1912" started-at="2023-04-28T17:21:59 IST" finished-at="2023-04-28T17:22:01 IST">
          <params>
            <param index="0">
              <value>
                <![CDATA[edge]]>
              </value>
            </param>
          </params>
          <reporter-output>
          </reporter-output>
        </test-method> <!-- initilizeBrowser -->
        <test-method status="PASS" signature="loginwithValidusernameandValidPassword(java.lang.String,java.lang.String)[pri:0, instance:com.obsqura.testscripts.LoginTest@7334aada]" name="loginwithValidusernameandValidPassword" duration-ms="562" started-at="2023-04-28T17:22:01 IST" data-provider="LoginProvider" finished-at="2023-04-28T17:22:02 IST">
          <params>
            <param index="0">
              <value>
                <![CDATA[admin]]>
              </value>
            </param>
            <param index="1">
              <value>
                <![CDATA[admin]]>
              </value>
            </param>
          </params>
          <reporter-output>
          </reporter-output>
        </test-method> <!-- loginwithValidusernameandValidPassword -->
        <test-method status="PASS" signature="browserQuit(org.testng.ITestResult)[pri:0, instance:com.obsqura.testscripts.LoginTest@7334aada]" name="browserQuit" is-config="true" duration-ms="781" started-at="2023-04-28T17:22:02 IST" finished-at="2023-04-28T17:22:02 IST">
          <params>
            <param index="0">
              <value>
                <![CDATA[[TestResult name=loginwithValidusernameandValidPassword status=SUCCESS method=LoginTest.loginwithValidusernameandValidPassword(java.lang.String,java.lang.String)[pri:0, instance:com.obsqura.testscripts.LoginTest@7334aada] output={null}]]]>
              </value>
            </param>
          </params>
          <reporter-output>
          </reporter-output>
        </test-method> <!-- browserQuit -->
      </class> <!-- com.obsqura.testscripts.LoginTest -->
      <class name="com.obsqura.testscripts.ManagePagesTest">
        <test-method status="PASS" signature="initilizeBrowser(java.lang.String)[pri:0, instance:com.obsqura.testscripts.ManagePagesTest@1a451d4d]" name="initilizeBrowser" is-config="true" duration-ms="2429" started-at="2023-04-28T17:23:51 IST" finished-at="2023-04-28T17:23:53 IST">
          <params>
            <param index="0">
              <value>
                <![CDATA[edge]]>
              </value>
            </param>
          </params>
          <reporter-output>
          </reporter-output>
        </test-method> <!-- initilizeBrowser -->
        <test-method status="PASS" signature="toDeletePages()[pri:0, instance:com.obsqura.testscripts.ManagePagesTest@1a451d4d]" name="toDeletePages" duration-ms="4313" started-at="2023-04-28T17:23:53 IST" finished-at="2023-04-28T17:23:57 IST">
          <reporter-output>
          </reporter-output>
        </test-method> <!-- toDeletePages -->
        <test-method status="PASS" signature="browserQuit(org.testng.ITestResult)[pri:0, instance:com.obsqura.testscripts.ManagePagesTest@1a451d4d]" name="browserQuit" is-config="true" duration-ms="782" started-at="2023-04-28T17:23:57 IST" finished-at="2023-04-28T17:23:58 IST">
          <params>
            <param index="0">
              <value>
                <![CDATA[[TestResult name=toDeletePages status=SUCCESS method=ManagePagesTest.toDeletePages()[pri:0, instance:com.obsqura.testscripts.ManagePagesTest@1a451d4d] output={null}]]]>
              </value>
            </param>
          </params>
          <reporter-output>
          </reporter-output>
        </test-method> <!-- browserQuit -->
      </class> <!-- com.obsqura.testscripts.ManagePagesTest -->
    </test> <!-- Test -->
  </suite> <!-- Suite -->
</testng-results>
